<?xml version="1.0" encoding="UTF-8"?>
<testsuite xmlns:xsi="http://www.w3.org/2001/XMLSchema-instance" xsi:noNamespaceSchemaLocation="https://maven.apache.org/surefire/maven-surefire-plugin/xsd/surefire-test-report.xsd" version="3.0.2" name="com.idcard.artists.apiservice.ApiserviceApplicationTests" time="5.417" tests="1" errors="0" skipped="0" failures="0">
  <properties>
    <property name="java.specification.version" value="17"/>
    <property name="sun.jnu.encoding" value="UTF-8"/>
    <property name="java.class.path" value="/Users/ullaskunjukunju/Desktop/ACHU-POC/idcard-artist-be/target/test-classes:/Users/ullaskunjukunju/Desktop/ACHU-POC/idcard-artist-be/target/classes:/Users/ullaskunjukunju/.m2/repository/org/springframework/boot/spring-boot-starter-web/3.4.2/spring-boot-starter-web-3.4.2.jar:/Users/ullaskunjukunju/.m2/repository/org/springframework/boot/spring-boot-starter/3.4.2/spring-boot-starter-3.4.2.jar:/Users/ullaskunjukunju/.m2/repository/org/springframework/boot/spring-boot/3.4.2/spring-boot-3.4.2.jar:/Users/ullaskunjukunju/.m2/repository/org/springframework/boot/spring-boot-autoconfigure/3.4.2/spring-boot-autoconfigure-3.4.2.jar:/Users/ullaskunjukunju/.m2/repository/org/springframework/boot/spring-boot-starter-logging/3.4.2/spring-boot-starter-logging-3.4.2.jar:/Users/ullaskunjukunju/.m2/repository/ch/qos/logback/logback-classic/1.5.16/logback-classic-1.5.16.jar:/Users/ullaskunjukunju/.m2/repository/ch/qos/logback/logback-core/1.5.16/logback-core-1.5.16.jar:/Users/ullaskunjukunju/.m2/repository/org/apache/logging/log4j/log4j-to-slf4j/2.24.3/log4j-to-slf4j-2.24.3.jar:/Users/ullaskunjukunju/.m2/repository/org/apache/logging/log4j/log4j-api/2.24.3/log4j-api-2.24.3.jar:/Users/ullaskunjukunju/.m2/repository/org/slf4j/jul-to-slf4j/2.0.16/jul-to-slf4j-2.0.16.jar:/Users/ullaskunjukunju/.m2/repository/jakarta/annotation/jakarta.annotation-api/2.1.1/jakarta.annotation-api-2.1.1.jar:/Users/ullaskunjukunju/.m2/repository/org/yaml/snakeyaml/2.3/snakeyaml-2.3.jar:/Users/ullaskunjukunju/.m2/repository/org/springframework/boot/spring-boot-starter-json/3.4.2/spring-boot-starter-json-3.4.2.jar:/Users/ullaskunjukunju/.m2/repository/com/fasterxml/jackson/core/jackson-databind/2.18.2/jackson-databind-2.18.2.jar:/Users/ullaskunjukunju/.m2/repository/com/fasterxml/jackson/core/jackson-annotations/2.18.2/jackson-annotations-2.18.2.jar:/Users/ullaskunjukunju/.m2/repository/com/fasterxml/jackson/datatype/jackson-datatype-jdk8/2.18.2/jackson-datatype-jdk8-2.18.2.jar:/Users/ullaskunjukunju/.m2/repository/com/fasterxml/jackson/datatype/jackson-datatype-jsr310/2.18.2/jackson-datatype-jsr310-2.18.2.jar:/Users/ullaskunjukunju/.m2/repository/com/fasterxml/jackson/module/jackson-module-parameter-names/2.18.2/jackson-module-parameter-names-2.18.2.jar:/Users/ullaskunjukunju/.m2/repository/org/springframework/boot/spring-boot-starter-tomcat/3.4.2/spring-boot-starter-tomcat-3.4.2.jar:/Users/ullaskunjukunju/.m2/repository/org/apache/tomcat/embed/tomcat-embed-core/10.1.34/tomcat-embed-core-10.1.34.jar:/Users/ullaskunjukunju/.m2/repository/org/apache/tomcat/embed/tomcat-embed-el/10.1.34/tomcat-embed-el-10.1.34.jar:/Users/ullaskunjukunju/.m2/repository/org/apache/tomcat/embed/tomcat-embed-websocket/10.1.34/tomcat-embed-websocket-10.1.34.jar:/Users/ullaskunjukunju/.m2/repository/org/springframework/spring-web/6.2.2/spring-web-6.2.2.jar:/Users/ullaskunjukunju/.m2/repository/org/springframework/spring-beans/6.2.2/spring-beans-6.2.2.jar:/Users/ullaskunjukunju/.m2/repository/io/micrometer/micrometer-observation/1.14.3/micrometer-observation-1.14.3.jar:/Users/ullaskunjukunju/.m2/repository/io/micrometer/micrometer-commons/1.14.3/micrometer-commons-1.14.3.jar:/Users/ullaskunjukunju/.m2/repository/org/springframework/spring-webmvc/6.2.2/spring-webmvc-6.2.2.jar:/Users/ullaskunjukunju/.m2/repository/org/springframework/spring-aop/6.2.2/spring-aop-6.2.2.jar:/Users/ullaskunjukunju/.m2/repository/org/springframework/spring-context/6.2.2/spring-context-6.2.2.jar:/Users/ullaskunjukunju/.m2/repository/org/springframework/spring-expression/6.2.2/spring-expression-6.2.2.jar:/Users/ullaskunjukunju/.m2/repository/com/google/cloud/spring-cloud-gcp-starter-storage/6.0.0/spring-cloud-gcp-starter-storage-6.0.0.jar:/Users/ullaskunjukunju/.m2/repository/com/google/cloud/spring-cloud-gcp-starter/6.0.0/spring-cloud-gcp-starter-6.0.0.jar:/Users/ullaskunjukunju/.m2/repository/com/google/cloud/spring-cloud-gcp-core/6.0.0/spring-cloud-gcp-core-6.0.0.jar:/Users/ullaskunjukunju/.m2/repository/com/google/cloud/spring-cloud-gcp-autoconfigure/6.0.0/spring-cloud-gcp-autoconfigure-6.0.0.jar:/Users/ullaskunjukunju/.m2/repository/com/google/cloud/spring-cloud-gcp-secretmanager/6.0.0/spring-cloud-gcp-secretmanager-6.0.0.jar:/Users/ullaskunjukunju/.m2/repository/org/springframework/cloud/spring-cloud-context/4.2.0/spring-cloud-context-4.2.0.jar:/Users/ullaskunjukunju/.m2/repository/org/springframework/security/spring-security-crypto/6.4.2/spring-security-crypto-6.4.2.jar:/Users/ullaskunjukunju/.m2/repository/com/google/cloud/google-cloud-secretmanager/2.57.0/google-cloud-secretmanager-2.57.0.jar:/Users/ullaskunjukunju/.m2/repository/com/google/api/grpc/proto-google-cloud-secretmanager-v1beta1/2.57.0/proto-google-cloud-secretmanager-v1beta1-2.57.0.jar:/Users/ullaskunjukunju/.m2/repository/com/google/api/grpc/proto-google-cloud-secretmanager-v1beta2/2.57.0/proto-google-cloud-secretmanager-v1beta2-2.57.0.jar:/Users/ullaskunjukunju/.m2/repository/com/google/api/grpc/proto-google-cloud-secretmanager-v1/2.57.0/proto-google-cloud-secretmanager-v1-2.57.0.jar:/Users/ullaskunjukunju/.m2/repository/org/apache/commons/commons-lang3/3.17.0/commons-lang3-3.17.0.jar:/Users/ullaskunjukunju/.m2/repository/com/google/cloud/spring-cloud-gcp-storage/6.0.0/spring-cloud-gcp-storage-6.0.0.jar:/Users/ullaskunjukunju/.m2/repository/com/google/cloud/google-cloud-storage/2.48.1/google-cloud-storage-2.48.1.jar:/Users/ullaskunjukunju/.m2/repository/com/google/apis/google-api-services-storage/v1-rev20241206-2.0.0/google-api-services-storage-v1-rev20241206-2.0.0.jar:/Users/ullaskunjukunju/.m2/repository/com/google/cloud/google-cloud-core-grpc/2.50.0/google-cloud-core-grpc-2.50.0.jar:/Users/ullaskunjukunju/.m2/repository/com/google/api/grpc/proto-google-cloud-storage-v2/2.48.1/proto-google-cloud-storage-v2-2.48.1.jar:/Users/ullaskunjukunju/.m2/repository/com/google/api/grpc/grpc-google-cloud-storage-v2/2.48.1/grpc-google-cloud-storage-v2-2.48.1.jar:/Users/ullaskunjukunju/.m2/repository/com/google/api/grpc/gapic-google-cloud-storage-v2/2.48.1/gapic-google-cloud-storage-v2-2.48.1.jar:/Users/ullaskunjukunju/.m2/repository/io/opentelemetry/opentelemetry-sdk/1.43.0/opentelemetry-sdk-1.43.0.jar:/Users/ullaskunjukunju/.m2/repository/io/opentelemetry/opentelemetry-sdk-trace/1.43.0/opentelemetry-sdk-trace-1.43.0.jar:/Users/ullaskunjukunju/.m2/repository/io/opentelemetry/opentelemetry-sdk-logs/1.43.0/opentelemetry-sdk-logs-1.43.0.jar:/Users/ullaskunjukunju/.m2/repository/io/grpc/grpc-opentelemetry/1.69.0/grpc-opentelemetry-1.69.0.jar:/Users/ullaskunjukunju/.m2/repository/io/opentelemetry/opentelemetry-sdk-metrics/1.43.0/opentelemetry-sdk-metrics-1.43.0.jar:/Users/ullaskunjukunju/.m2/repository/io/opentelemetry/opentelemetry-api-incubator/1.45.0-alpha/opentelemetry-api-incubator-1.45.0-alpha.jar:/Users/ullaskunjukunju/.m2/repository/io/opentelemetry/opentelemetry-sdk-common/1.43.0/opentelemetry-sdk-common-1.43.0.jar:/Users/ullaskunjukunju/.m2/repository/io/opentelemetry/opentelemetry-sdk-extension-autoconfigure-spi/1.43.0/opentelemetry-sdk-extension-autoconfigure-spi-1.43.0.jar:/Users/ullaskunjukunju/.m2/repository/io/opentelemetry/semconv/opentelemetry-semconv/1.27.0-alpha/opentelemetry-semconv-1.27.0-alpha.jar:/Users/ullaskunjukunju/.m2/repository/com/google/cloud/opentelemetry/exporter-metrics/0.33.0/exporter-metrics-0.33.0.jar:/Users/ullaskunjukunju/.m2/repository/com/google/cloud/google-cloud-monitoring/3.58.0/google-cloud-monitoring-3.58.0.jar:/Users/ullaskunjukunju/.m2/repository/com/google/api/grpc/proto-google-cloud-monitoring-v3/3.58.0/proto-google-cloud-monitoring-v3-3.58.0.jar:/Users/ullaskunjukunju/.m2/repository/com/google/cloud/opentelemetry/shared-resourcemapping/0.33.0/shared-resourcemapping-0.33.0.jar:/Users/ullaskunjukunju/.m2/repository/io/opentelemetry/contrib/opentelemetry-gcp-resources/1.37.0-alpha/opentelemetry-gcp-resources-1.37.0-alpha.jar:/Users/ullaskunjukunju/.m2/repository/com/google/cloud/opentelemetry/detector-resources-support/0.33.0/detector-resources-support-0.33.0.jar:/Users/ullaskunjukunju/.m2/repository/io/grpc/grpc-rls/1.69.0/grpc-rls-1.69.0.jar:/Users/ullaskunjukunju/.m2/repository/org/slf4j/slf4j-api/2.0.16/slf4j-api-2.0.16.jar:/Users/ullaskunjukunju/.m2/repository/com/google/cloud/google-cloud-datastore/2.26.0/google-cloud-datastore-2.26.0.jar:/Users/ullaskunjukunju/.m2/repository/com/google/api/grpc/grpc-google-cloud-datastore-admin-v1/2.26.0/grpc-google-cloud-datastore-admin-v1-2.26.0.jar:/Users/ullaskunjukunju/.m2/repository/javax/annotation/javax.annotation-api/1.3.2/javax.annotation-api-1.3.2.jar:/Users/ullaskunjukunju/.m2/repository/com/google/cloud/google-cloud-core-http/2.50.0/google-cloud-core-http-2.50.0.jar:/Users/ullaskunjukunju/.m2/repository/com/google/api-client/google-api-client/2.7.2/google-api-client-2.7.2.jar:/Users/ullaskunjukunju/.m2/repository/commons-codec/commons-codec/1.17.2/commons-codec-1.17.2.jar:/Users/ullaskunjukunju/.m2/repository/com/google/http-client/google-http-client-apache-v2/1.45.3/google-http-client-apache-v2-1.45.3.jar:/Users/ullaskunjukunju/.m2/repository/com/google/http-client/google-http-client-appengine/1.45.3/google-http-client-appengine-1.45.3.jar:/Users/ullaskunjukunju/.m2/repository/io/opencensus/opencensus-contrib-http-util/0.31.1/opencensus-contrib-http-util-0.31.1.jar:/Users/ullaskunjukunju/.m2/repository/com/google/errorprone/error_prone_annotations/2.36.0/error_prone_annotations-2.36.0.jar:/Users/ullaskunjukunju/.m2/repository/com/google/api/grpc/proto-google-cloud-datastore-v1/0.117.0/proto-google-cloud-datastore-v1-0.117.0.jar:/Users/ullaskunjukunju/.m2/repository/com/google/api/grpc/proto-google-cloud-datastore-admin-v1/2.26.0/proto-google-cloud-datastore-admin-v1-2.26.0.jar:/Users/ullaskunjukunju/.m2/repository/com/google/cloud/datastore/datastore-v1-proto-client/2.26.0/datastore-v1-proto-client-2.26.0.jar:/Users/ullaskunjukunju/.m2/repository/com/google/http-client/google-http-client-protobuf/1.45.3/google-http-client-protobuf-1.45.3.jar:/Users/ullaskunjukunju/.m2/repository/com/google/http-client/google-http-client-gson/1.45.3/google-http-client-gson-1.45.3.jar:/Users/ullaskunjukunju/.m2/repository/com/google/auth/google-auth-library-credentials/1.31.0/google-auth-library-credentials-1.31.0.jar:/Users/ullaskunjukunju/.m2/repository/io/grpc/grpc-api/1.69.0/grpc-api-1.69.0.jar:/Users/ullaskunjukunju/.m2/repository/io/grpc/grpc-protobuf/1.69.0/grpc-protobuf-1.69.0.jar:/Users/ullaskunjukunju/.m2/repository/io/grpc/grpc-protobuf-lite/1.69.0/grpc-protobuf-lite-1.69.0.jar:/Users/ullaskunjukunju/.m2/repository/io/grpc/grpc-stub/1.69.0/grpc-stub-1.69.0.jar:/Users/ullaskunjukunju/.m2/repository/com/google/api/api-common/2.43.0/api-common-2.43.0.jar:/Users/ullaskunjukunju/.m2/repository/com/google/auto/value/auto-value-annotations/1.11.0/auto-value-annotations-1.11.0.jar:/Users/ullaskunjukunju/.m2/repository/com/google/j2objc/j2objc-annotations/3.0.0/j2objc-annotations-3.0.0.jar:/Users/ullaskunjukunju/.m2/repository/org/threeten/threetenbp/1.7.0/threetenbp-1.7.0.jar:/Users/ullaskunjukunju/.m2/repository/com/google/protobuf/protobuf-java/4.29.0/protobuf-java-4.29.0.jar:/Users/ullaskunjukunju/.m2/repository/com/google/api/gax/2.60.0/gax-2.60.0.jar:/Users/ullaskunjukunju/.m2/repository/com/google/api/gax-grpc/2.60.0/gax-grpc-2.60.0.jar:/Users/ullaskunjukunju/.m2/repository/io/grpc/grpc-inprocess/1.69.0/grpc-inprocess-1.69.0.jar:/Users/ullaskunjukunju/.m2/repository/io/grpc/grpc-core/1.69.0/grpc-core-1.69.0.jar:/Users/ullaskunjukunju/.m2/repository/com/google/android/annotations/4.1.1.4/annotations-4.1.1.4.jar:/Users/ullaskunjukunju/.m2/repository/org/codehaus/mojo/animal-sniffer-annotations/1.24/animal-sniffer-annotations-1.24.jar:/Users/ullaskunjukunju/.m2/repository/io/grpc/grpc-alts/1.69.0/grpc-alts-1.69.0.jar:/Users/ullaskunjukunju/.m2/repository/io/grpc/grpc-grpclb/1.69.0/grpc-grpclb-1.69.0.jar:/Users/ullaskunjukunju/.m2/repository/org/conscrypt/conscrypt-openjdk-uber/2.5.2/conscrypt-openjdk-uber-2.5.2.jar:/Users/ullaskunjukunju/.m2/repository/io/grpc/grpc-auth/1.69.0/grpc-auth-1.69.0.jar:/Users/ullaskunjukunju/.m2/repository/io/grpc/grpc-netty-shaded/1.69.0/grpc-netty-shaded-1.69.0.jar:/Users/ullaskunjukunju/.m2/repository/io/grpc/grpc-util/1.69.0/grpc-util-1.69.0.jar:/Users/ullaskunjukunju/.m2/repository/io/perfmark/perfmark-api/0.27.0/perfmark-api-0.27.0.jar:/Users/ullaskunjukunju/.m2/repository/io/grpc/grpc-googleapis/1.69.0/grpc-googleapis-1.69.0.jar:/Users/ullaskunjukunju/.m2/repository/io/grpc/grpc-xds/1.69.0/grpc-xds-1.69.0.jar:/Users/ullaskunjukunju/.m2/repository/io/grpc/grpc-services/1.69.0/grpc-services-1.69.0.jar:/Users/ullaskunjukunju/.m2/repository/com/google/re2j/re2j/1.7/re2j-1.7.jar:/Users/ullaskunjukunju/.m2/repository/com/google/api/gax-httpjson/2.60.0/gax-httpjson-2.60.0.jar:/Users/ullaskunjukunju/.m2/repository/com/google/code/gson/gson/2.11.0/gson-2.11.0.jar:/Users/ullaskunjukunju/.m2/repository/com/google/protobuf/protobuf-java-util/4.29.0/protobuf-java-util-4.29.0.jar:/Users/ullaskunjukunju/.m2/repository/com/google/guava/guava/33.4.0-jre/guava-33.4.0-jre.jar:/Users/ullaskunjukunju/.m2/repository/com/google/guava/failureaccess/1.0.2/failureaccess-1.0.2.jar:/Users/ullaskunjukunju/.m2/repository/com/google/guava/listenablefuture/9999.0-empty-to-avoid-conflict-with-guava/listenablefuture-9999.0-empty-to-avoid-conflict-with-guava.jar:/Users/ullaskunjukunju/.m2/repository/org/checkerframework/checker-qual/3.48.4/checker-qual-3.48.4.jar:/Users/ullaskunjukunju/.m2/repository/com/google/cloud/google-cloud-core/2.50.0/google-cloud-core-2.50.0.jar:/Users/ullaskunjukunju/.m2/repository/com/google/api/grpc/proto-google-iam-v1/1.46.0/proto-google-iam-v1-1.46.0.jar:/Users/ullaskunjukunju/.m2/repository/com/google/api/grpc/proto-google-common-protos/2.51.0/proto-google-common-protos-2.51.0.jar:/Users/ullaskunjukunju/.m2/repository/com/google/http-client/google-http-client/1.45.3/google-http-client-1.45.3.jar:/Users/ullaskunjukunju/.m2/repository/org/apache/httpcomponents/httpclient/4.5.14/httpclient-4.5.14.jar:/Users/ullaskunjukunju/.m2/repository/org/apache/httpcomponents/httpcore/4.4.16/httpcore-4.4.16.jar:/Users/ullaskunjukunju/.m2/repository/io/grpc/grpc-context/1.69.0/grpc-context-1.69.0.jar:/Users/ullaskunjukunju/.m2/repository/com/google/http-client/google-http-client-jackson2/1.45.3/google-http-client-jackson2-1.45.3.jar:/Users/ullaskunjukunju/.m2/repository/com/fasterxml/jackson/core/jackson-core/2.18.2/jackson-core-2.18.2.jar:/Users/ullaskunjukunju/.m2/repository/com/google/oauth-client/google-oauth-client/1.37.0/google-oauth-client-1.37.0.jar:/Users/ullaskunjukunju/.m2/repository/com/google/auth/google-auth-library-oauth2-http/1.31.0/google-auth-library-oauth2-http-1.31.0.jar:/Users/ullaskunjukunju/.m2/repository/io/opencensus/opencensus-api/0.31.1/opencensus-api-0.31.1.jar:/Users/ullaskunjukunju/.m2/repository/com/google/code/findbugs/jsr305/3.0.2/jsr305-3.0.2.jar:/Users/ullaskunjukunju/.m2/repository/io/opentelemetry/opentelemetry-api/1.46.0/opentelemetry-api-1.46.0.jar:/Users/ullaskunjukunju/.m2/repository/io/opentelemetry/opentelemetry-context/1.43.0/opentelemetry-context-1.43.0.jar:/Users/ullaskunjukunju/.m2/repository/org/projectlombok/lombok/1.18.36/lombok-1.18.36.jar:/Users/ullaskunjukunju/.m2/repository/org/springframework/boot/spring-boot-starter-test/3.4.2/spring-boot-starter-test-3.4.2.jar:/Users/ullaskunjukunju/.m2/repository/org/springframework/boot/spring-boot-test/3.4.2/spring-boot-test-3.4.2.jar:/Users/ullaskunjukunju/.m2/repository/org/springframework/boot/spring-boot-test-autoconfigure/3.4.2/spring-boot-test-autoconfigure-3.4.2.jar:/Users/ullaskunjukunju/.m2/repository/com/jayway/jsonpath/json-path/2.9.0/json-path-2.9.0.jar:/Users/ullaskunjukunju/.m2/repository/jakarta/xml/bind/jakarta.xml.bind-api/4.0.2/jakarta.xml.bind-api-4.0.2.jar:/Users/ullaskunjukunju/.m2/repository/jakarta/activation/jakarta.activation-api/2.1.3/jakarta.activation-api-2.1.3.jar:/Users/ullaskunjukunju/.m2/repository/net/minidev/json-smart/2.5.1/json-smart-2.5.1.jar:/Users/ullaskunjukunju/.m2/repository/net/minidev/accessors-smart/2.5.1/accessors-smart-2.5.1.jar:/Users/ullaskunjukunju/.m2/repository/org/ow2/asm/asm/9.6/asm-9.6.jar:/Users/ullaskunjukunju/.m2/repository/org/assertj/assertj-core/3.26.3/assertj-core-3.26.3.jar:/Users/ullaskunjukunju/.m2/repository/net/bytebuddy/byte-buddy/1.15.11/byte-buddy-1.15.11.jar:/Users/ullaskunjukunju/.m2/repository/org/awaitility/awaitility/4.2.2/awaitility-4.2.2.jar:/Users/ullaskunjukunju/.m2/repository/org/hamcrest/hamcrest/2.2/hamcrest-2.2.jar:/Users/ullaskunjukunju/.m2/repository/org/junit/jupiter/junit-jupiter/5.11.4/junit-jupiter-5.11.4.jar:/Users/ullaskunjukunju/.m2/repository/org/junit/jupiter/junit-jupiter-api/5.11.4/junit-jupiter-api-5.11.4.jar:/Users/ullaskunjukunju/.m2/repository/org/opentest4j/opentest4j/1.3.0/opentest4j-1.3.0.jar:/Users/ullaskunjukunju/.m2/repository/org/junit/platform/junit-platform-commons/1.11.4/junit-platform-commons-1.11.4.jar:/Users/ullaskunjukunju/.m2/repository/org/apiguardian/apiguardian-api/1.1.2/apiguardian-api-1.1.2.jar:/Users/ullaskunjukunju/.m2/repository/org/junit/jupiter/junit-jupiter-params/5.11.4/junit-jupiter-params-5.11.4.jar:/Users/ullaskunjukunju/.m2/repository/org/junit/jupiter/junit-jupiter-engine/5.11.4/junit-jupiter-engine-5.11.4.jar:/Users/ullaskunjukunju/.m2/repository/org/junit/platform/junit-platform-engine/1.11.4/junit-platform-engine-1.11.4.jar:/Users/ullaskunjukunju/.m2/repository/org/mockito/mockito-core/5.14.2/mockito-core-5.14.2.jar:/Users/ullaskunjukunju/.m2/repository/net/bytebuddy/byte-buddy-agent/1.15.11/byte-buddy-agent-1.15.11.jar:/Users/ullaskunjukunju/.m2/repository/org/objenesis/objenesis/3.3/objenesis-3.3.jar:/Users/ullaskunjukunju/.m2/repository/org/mockito/mockito-junit-jupiter/5.14.2/mockito-junit-jupiter-5.14.2.jar:/Users/ullaskunjukunju/.m2/repository/org/skyscreamer/jsonassert/1.5.3/jsonassert-1.5.3.jar:/Users/ullaskunjukunju/.m2/repository/com/vaadin/external/google/android-json/0.0.20131108.vaadin1/android-json-0.0.20131108.vaadin1.jar:/Users/ullaskunjukunju/.m2/repository/org/springframework/spring-core/6.2.2/spring-core-6.2.2.jar:/Users/ullaskunjukunju/.m2/repository/org/springframework/spring-jcl/6.2.2/spring-jcl-6.2.2.jar:/Users/ullaskunjukunju/.m2/repository/org/springframework/spring-test/6.2.2/spring-test-6.2.2.jar:/Users/ullaskunjukunju/.m2/repository/org/xmlunit/xmlunit-core/2.10.0/xmlunit-core-2.10.0.jar:"/>
    <property name="java.vm.vendor" value="Oracle Corporation"/>
    <property name="sun.arch.data.model" value="64"/>
    <property name="java.vendor.url" value="https://java.oracle.com/"/>
    <property name="user.timezone" value="Asia/Calcutta"/>
    <property name="os.name" value="Mac OS X"/>
    <property name="java.vm.specification.version" value="17"/>
    <property name="APPLICATION_NAME" value="idcard-artists-apiservice"/>
    <property name="sun.java.launcher" value="SUN_STANDARD"/>
    <property name="user.country" value="IN"/>
    <property name="sun.boot.library.path" value="/Library/Java/JavaVirtualMachines/jdk-17.0.4.jdk/Contents/Home/lib"/>
    <property name="sun.java.command" value="/Users/ullaskunjukunju/Desktop/ACHU-POC/idcard-artist-be/target/surefire/surefirebooter-20250224132914736_3.jar /Users/ullaskunjukunju/Desktop/ACHU-POC/idcard-artist-be/target/surefire 2025-02-24T13-29-14_638-jvmRun1 surefire-20250224132914736_1tmp surefire_0-20250224132914736_2tmp"/>
    <property name="http.nonProxyHosts" value="local|*.local|169.254/16|*.169.254/16"/>
    <property name="jdk.debug" value="release"/>
    <property name="surefire.test.class.path" value="/Users/ullaskunjukunju/Desktop/ACHU-POC/idcard-artist-be/target/test-classes:/Users/ullaskunjukunju/Desktop/ACHU-POC/idcard-artist-be/target/classes:/Users/ullaskunjukunju/.m2/repository/org/springframework/boot/spring-boot-starter-web/3.4.2/spring-boot-starter-web-3.4.2.jar:/Users/ullaskunjukunju/.m2/repository/org/springframework/boot/spring-boot-starter/3.4.2/spring-boot-starter-3.4.2.jar:/Users/ullaskunjukunju/.m2/repository/org/springframework/boot/spring-boot/3.4.2/spring-boot-3.4.2.jar:/Users/ullaskunjukunju/.m2/repository/org/springframework/boot/spring-boot-autoconfigure/3.4.2/spring-boot-autoconfigure-3.4.2.jar:/Users/ullaskunjukunju/.m2/repository/org/springframework/boot/spring-boot-starter-logging/3.4.2/spring-boot-starter-logging-3.4.2.jar:/Users/ullaskunjukunju/.m2/repository/ch/qos/logback/logback-classic/1.5.16/logback-classic-1.5.16.jar:/Users/ullaskunjukunju/.m2/repository/ch/qos/logback/logback-core/1.5.16/logback-core-1.5.16.jar:/Users/ullaskunjukunju/.m2/repository/org/apache/logging/log4j/log4j-to-slf4j/2.24.3/log4j-to-slf4j-2.24.3.jar:/Users/ullaskunjukunju/.m2/repository/org/apache/logging/log4j/log4j-api/2.24.3/log4j-api-2.24.3.jar:/Users/ullaskunjukunju/.m2/repository/org/slf4j/jul-to-slf4j/2.0.16/jul-to-slf4j-2.0.16.jar:/Users/ullaskunjukunju/.m2/repository/jakarta/annotation/jakarta.annotation-api/2.1.1/jakarta.annotation-api-2.1.1.jar:/Users/ullaskunjukunju/.m2/repository/org/yaml/snakeyaml/2.3/snakeyaml-2.3.jar:/Users/ullaskunjukunju/.m2/repository/org/springframework/boot/spring-boot-starter-json/3.4.2/spring-boot-starter-json-3.4.2.jar:/Users/ullaskunjukunju/.m2/repository/com/fasterxml/jackson/core/jackson-databind/2.18.2/jackson-databind-2.18.2.jar:/Users/ullaskunjukunju/.m2/repository/com/fasterxml/jackson/core/jackson-annotations/2.18.2/jackson-annotations-2.18.2.jar:/Users/ullaskunjukunju/.m2/repository/com/fasterxml/jackson/datatype/jackson-datatype-jdk8/2.18.2/jackson-datatype-jdk8-2.18.2.jar:/Users/ullaskunjukunju/.m2/repository/com/fasterxml/jackson/datatype/jackson-datatype-jsr310/2.18.2/jackson-datatype-jsr310-2.18.2.jar:/Users/ullaskunjukunju/.m2/repository/com/fasterxml/jackson/module/jackson-module-parameter-names/2.18.2/jackson-module-parameter-names-2.18.2.jar:/Users/ullaskunjukunju/.m2/repository/org/springframework/boot/spring-boot-starter-tomcat/3.4.2/spring-boot-starter-tomcat-3.4.2.jar:/Users/ullaskunjukunju/.m2/repository/org/apache/tomcat/embed/tomcat-embed-core/10.1.34/tomcat-embed-core-10.1.34.jar:/Users/ullaskunjukunju/.m2/repository/org/apache/tomcat/embed/tomcat-embed-el/10.1.34/tomcat-embed-el-10.1.34.jar:/Users/ullaskunjukunju/.m2/repository/org/apache/tomcat/embed/tomcat-embed-websocket/10.1.34/tomcat-embed-websocket-10.1.34.jar:/Users/ullaskunjukunju/.m2/repository/org/springframework/spring-web/6.2.2/spring-web-6.2.2.jar:/Users/ullaskunjukunju/.m2/repository/org/springframework/spring-beans/6.2.2/spring-beans-6.2.2.jar:/Users/ullaskunjukunju/.m2/repository/io/micrometer/micrometer-observation/1.14.3/micrometer-observation-1.14.3.jar:/Users/ullaskunjukunju/.m2/repository/io/micrometer/micrometer-commons/1.14.3/micrometer-commons-1.14.3.jar:/Users/ullaskunjukunju/.m2/repository/org/springframework/spring-webmvc/6.2.2/spring-webmvc-6.2.2.jar:/Users/ullaskunjukunju/.m2/repository/org/springframework/spring-aop/6.2.2/spring-aop-6.2.2.jar:/Users/ullaskunjukunju/.m2/repository/org/springframework/spring-context/6.2.2/spring-context-6.2.2.jar:/Users/ullaskunjukunju/.m2/repository/org/springframework/spring-expression/6.2.2/spring-expression-6.2.2.jar:/Users/ullaskunjukunju/.m2/repository/com/google/cloud/spring-cloud-gcp-starter-storage/6.0.0/spring-cloud-gcp-starter-storage-6.0.0.jar:/Users/ullaskunjukunju/.m2/repository/com/google/cloud/spring-cloud-gcp-starter/6.0.0/spring-cloud-gcp-starter-6.0.0.jar:/Users/ullaskunjukunju/.m2/repository/com/google/cloud/spring-cloud-gcp-core/6.0.0/spring-cloud-gcp-core-6.0.0.jar:/Users/ullaskunjukunju/.m2/repository/com/google/cloud/spring-cloud-gcp-autoconfigure/6.0.0/spring-cloud-gcp-autoconfigure-6.0.0.jar:/Users/ullaskunjukunju/.m2/repository/com/google/cloud/spring-cloud-gcp-secretmanager/6.0.0/spring-cloud-gcp-secretmanager-6.0.0.jar:/Users/ullaskunjukunju/.m2/repository/org/springframework/cloud/spring-cloud-context/4.2.0/spring-cloud-context-4.2.0.jar:/Users/ullaskunjukunju/.m2/repository/org/springframework/security/spring-security-crypto/6.4.2/spring-security-crypto-6.4.2.jar:/Users/ullaskunjukunju/.m2/repository/com/google/cloud/google-cloud-secretmanager/2.57.0/google-cloud-secretmanager-2.57.0.jar:/Users/ullaskunjukunju/.m2/repository/com/google/api/grpc/proto-google-cloud-secretmanager-v1beta1/2.57.0/proto-google-cloud-secretmanager-v1beta1-2.57.0.jar:/Users/ullaskunjukunju/.m2/repository/com/google/api/grpc/proto-google-cloud-secretmanager-v1beta2/2.57.0/proto-google-cloud-secretmanager-v1beta2-2.57.0.jar:/Users/ullaskunjukunju/.m2/repository/com/google/api/grpc/proto-google-cloud-secretmanager-v1/2.57.0/proto-google-cloud-secretmanager-v1-2.57.0.jar:/Users/ullaskunjukunju/.m2/repository/org/apache/commons/commons-lang3/3.17.0/commons-lang3-3.17.0.jar:/Users/ullaskunjukunju/.m2/repository/com/google/cloud/spring-cloud-gcp-storage/6.0.0/spring-cloud-gcp-storage-6.0.0.jar:/Users/ullaskunjukunju/.m2/repository/com/google/cloud/google-cloud-storage/2.48.1/google-cloud-storage-2.48.1.jar:/Users/ullaskunjukunju/.m2/repository/com/google/apis/google-api-services-storage/v1-rev20241206-2.0.0/google-api-services-storage-v1-rev20241206-2.0.0.jar:/Users/ullaskunjukunju/.m2/repository/com/google/cloud/google-cloud-core-grpc/2.50.0/google-cloud-core-grpc-2.50.0.jar:/Users/ullaskunjukunju/.m2/repository/com/google/api/grpc/proto-google-cloud-storage-v2/2.48.1/proto-google-cloud-storage-v2-2.48.1.jar:/Users/ullaskunjukunju/.m2/repository/com/google/api/grpc/grpc-google-cloud-storage-v2/2.48.1/grpc-google-cloud-storage-v2-2.48.1.jar:/Users/ullaskunjukunju/.m2/repository/com/google/api/grpc/gapic-google-cloud-storage-v2/2.48.1/gapic-google-cloud-storage-v2-2.48.1.jar:/Users/ullaskunjukunju/.m2/repository/io/opentelemetry/opentelemetry-sdk/1.43.0/opentelemetry-sdk-1.43.0.jar:/Users/ullaskunjukunju/.m2/repository/io/opentelemetry/opentelemetry-sdk-trace/1.43.0/opentelemetry-sdk-trace-1.43.0.jar:/Users/ullaskunjukunju/.m2/repository/io/opentelemetry/opentelemetry-sdk-logs/1.43.0/opentelemetry-sdk-logs-1.43.0.jar:/Users/ullaskunjukunju/.m2/repository/io/grpc/grpc-opentelemetry/1.69.0/grpc-opentelemetry-1.69.0.jar:/Users/ullaskunjukunju/.m2/repository/io/opentelemetry/opentelemetry-sdk-metrics/1.43.0/opentelemetry-sdk-metrics-1.43.0.jar:/Users/ullaskunjukunju/.m2/repository/io/opentelemetry/opentelemetry-api-incubator/1.45.0-alpha/opentelemetry-api-incubator-1.45.0-alpha.jar:/Users/ullaskunjukunju/.m2/repository/io/opentelemetry/opentelemetry-sdk-common/1.43.0/opentelemetry-sdk-common-1.43.0.jar:/Users/ullaskunjukunju/.m2/repository/io/opentelemetry/opentelemetry-sdk-extension-autoconfigure-spi/1.43.0/opentelemetry-sdk-extension-autoconfigure-spi-1.43.0.jar:/Users/ullaskunjukunju/.m2/repository/io/opentelemetry/semconv/opentelemetry-semconv/1.27.0-alpha/opentelemetry-semconv-1.27.0-alpha.jar:/Users/ullaskunjukunju/.m2/repository/com/google/cloud/opentelemetry/exporter-metrics/0.33.0/exporter-metrics-0.33.0.jar:/Users/ullaskunjukunju/.m2/repository/com/google/cloud/google-cloud-monitoring/3.58.0/google-cloud-monitoring-3.58.0.jar:/Users/ullaskunjukunju/.m2/repository/com/google/api/grpc/proto-google-cloud-monitoring-v3/3.58.0/proto-google-cloud-monitoring-v3-3.58.0.jar:/Users/ullaskunjukunju/.m2/repository/com/google/cloud/opentelemetry/shared-resourcemapping/0.33.0/shared-resourcemapping-0.33.0.jar:/Users/ullaskunjukunju/.m2/repository/io/opentelemetry/contrib/opentelemetry-gcp-resources/1.37.0-alpha/opentelemetry-gcp-resources-1.37.0-alpha.jar:/Users/ullaskunjukunju/.m2/repository/com/google/cloud/opentelemetry/detector-resources-support/0.33.0/detector-resources-support-0.33.0.jar:/Users/ullaskunjukunju/.m2/repository/io/grpc/grpc-rls/1.69.0/grpc-rls-1.69.0.jar:/Users/ullaskunjukunju/.m2/repository/org/slf4j/slf4j-api/2.0.16/slf4j-api-2.0.16.jar:/Users/ullaskunjukunju/.m2/repository/com/google/cloud/google-cloud-datastore/2.26.0/google-cloud-datastore-2.26.0.jar:/Users/ullaskunjukunju/.m2/repository/com/google/api/grpc/grpc-google-cloud-datastore-admin-v1/2.26.0/grpc-google-cloud-datastore-admin-v1-2.26.0.jar:/Users/ullaskunjukunju/.m2/repository/javax/annotation/javax.annotation-api/1.3.2/javax.annotation-api-1.3.2.jar:/Users/ullaskunjukunju/.m2/repository/com/google/cloud/google-cloud-core-http/2.50.0/google-cloud-core-http-2.50.0.jar:/Users/ullaskunjukunju/.m2/repository/com/google/api-client/google-api-client/2.7.2/google-api-client-2.7.2.jar:/Users/ullaskunjukunju/.m2/repository/commons-codec/commons-codec/1.17.2/commons-codec-1.17.2.jar:/Users/ullaskunjukunju/.m2/repository/com/google/http-client/google-http-client-apache-v2/1.45.3/google-http-client-apache-v2-1.45.3.jar:/Users/ullaskunjukunju/.m2/repository/com/google/http-client/google-http-client-appengine/1.45.3/google-http-client-appengine-1.45.3.jar:/Users/ullaskunjukunju/.m2/repository/io/opencensus/opencensus-contrib-http-util/0.31.1/opencensus-contrib-http-util-0.31.1.jar:/Users/ullaskunjukunju/.m2/repository/com/google/errorprone/error_prone_annotations/2.36.0/error_prone_annotations-2.36.0.jar:/Users/ullaskunjukunju/.m2/repository/com/google/api/grpc/proto-google-cloud-datastore-v1/0.117.0/proto-google-cloud-datastore-v1-0.117.0.jar:/Users/ullaskunjukunju/.m2/repository/com/google/api/grpc/proto-google-cloud-datastore-admin-v1/2.26.0/proto-google-cloud-datastore-admin-v1-2.26.0.jar:/Users/ullaskunjukunju/.m2/repository/com/google/cloud/datastore/datastore-v1-proto-client/2.26.0/datastore-v1-proto-client-2.26.0.jar:/Users/ullaskunjukunju/.m2/repository/com/google/http-client/google-http-client-protobuf/1.45.3/google-http-client-protobuf-1.45.3.jar:/Users/ullaskunjukunju/.m2/repository/com/google/http-client/google-http-client-gson/1.45.3/google-http-client-gson-1.45.3.jar:/Users/ullaskunjukunju/.m2/repository/com/google/auth/google-auth-library-credentials/1.31.0/google-auth-library-credentials-1.31.0.jar:/Users/ullaskunjukunju/.m2/repository/io/grpc/grpc-api/1.69.0/grpc-api-1.69.0.jar:/Users/ullaskunjukunju/.m2/repository/io/grpc/grpc-protobuf/1.69.0/grpc-protobuf-1.69.0.jar:/Users/ullaskunjukunju/.m2/repository/io/grpc/grpc-protobuf-lite/1.69.0/grpc-protobuf-lite-1.69.0.jar:/Users/ullaskunjukunju/.m2/repository/io/grpc/grpc-stub/1.69.0/grpc-stub-1.69.0.jar:/Users/ullaskunjukunju/.m2/repository/com/google/api/api-common/2.43.0/api-common-2.43.0.jar:/Users/ullaskunjukunju/.m2/repository/com/google/auto/value/auto-value-annotations/1.11.0/auto-value-annotations-1.11.0.jar:/Users/ullaskunjukunju/.m2/repository/com/google/j2objc/j2objc-annotations/3.0.0/j2objc-annotations-3.0.0.jar:/Users/ullaskunjukunju/.m2/repository/org/threeten/threetenbp/1.7.0/threetenbp-1.7.0.jar:/Users/ullaskunjukunju/.m2/repository/com/google/protobuf/protobuf-java/4.29.0/protobuf-java-4.29.0.jar:/Users/ullaskunjukunju/.m2/repository/com/google/api/gax/2.60.0/gax-2.60.0.jar:/Users/ullaskunjukunju/.m2/repository/com/google/api/gax-grpc/2.60.0/gax-grpc-2.60.0.jar:/Users/ullaskunjukunju/.m2/repository/io/grpc/grpc-inprocess/1.69.0/grpc-inprocess-1.69.0.jar:/Users/ullaskunjukunju/.m2/repository/io/grpc/grpc-core/1.69.0/grpc-core-1.69.0.jar:/Users/ullaskunjukunju/.m2/repository/com/google/android/annotations/4.1.1.4/annotations-4.1.1.4.jar:/Users/ullaskunjukunju/.m2/repository/org/codehaus/mojo/animal-sniffer-annotations/1.24/animal-sniffer-annotations-1.24.jar:/Users/ullaskunjukunju/.m2/repository/io/grpc/grpc-alts/1.69.0/grpc-alts-1.69.0.jar:/Users/ullaskunjukunju/.m2/repository/io/grpc/grpc-grpclb/1.69.0/grpc-grpclb-1.69.0.jar:/Users/ullaskunjukunju/.m2/repository/org/conscrypt/conscrypt-openjdk-uber/2.5.2/conscrypt-openjdk-uber-2.5.2.jar:/Users/ullaskunjukunju/.m2/repository/io/grpc/grpc-auth/1.69.0/grpc-auth-1.69.0.jar:/Users/ullaskunjukunju/.m2/repository/io/grpc/grpc-netty-shaded/1.69.0/grpc-netty-shaded-1.69.0.jar:/Users/ullaskunjukunju/.m2/repository/io/grpc/grpc-util/1.69.0/grpc-util-1.69.0.jar:/Users/ullaskunjukunju/.m2/repository/io/perfmark/perfmark-api/0.27.0/perfmark-api-0.27.0.jar:/Users/ullaskunjukunju/.m2/repository/io/grpc/grpc-googleapis/1.69.0/grpc-googleapis-1.69.0.jar:/Users/ullaskunjukunju/.m2/repository/io/grpc/grpc-xds/1.69.0/grpc-xds-1.69.0.jar:/Users/ullaskunjukunju/.m2/repository/io/grpc/grpc-services/1.69.0/grpc-services-1.69.0.jar:/Users/ullaskunjukunju/.m2/repository/com/google/re2j/re2j/1.7/re2j-1.7.jar:/Users/ullaskunjukunju/.m2/repository/com/google/api/gax-httpjson/2.60.0/gax-httpjson-2.60.0.jar:/Users/ullaskunjukunju/.m2/repository/com/google/code/gson/gson/2.11.0/gson-2.11.0.jar:/Users/ullaskunjukunju/.m2/repository/com/google/protobuf/protobuf-java-util/4.29.0/protobuf-java-util-4.29.0.jar:/Users/ullaskunjukunju/.m2/repository/com/google/guava/guava/33.4.0-jre/guava-33.4.0-jre.jar:/Users/ullaskunjukunju/.m2/repository/com/google/guava/failureaccess/1.0.2/failureaccess-1.0.2.jar:/Users/ullaskunjukunju/.m2/repository/com/google/guava/listenablefuture/9999.0-empty-to-avoid-conflict-with-guava/listenablefuture-9999.0-empty-to-avoid-conflict-with-guava.jar:/Users/ullaskunjukunju/.m2/repository/org/checkerframework/checker-qual/3.48.4/checker-qual-3.48.4.jar:/Users/ullaskunjukunju/.m2/repository/com/google/cloud/google-cloud-core/2.50.0/google-cloud-core-2.50.0.jar:/Users/ullaskunjukunju/.m2/repository/com/google/api/grpc/proto-google-iam-v1/1.46.0/proto-google-iam-v1-1.46.0.jar:/Users/ullaskunjukunju/.m2/repository/com/google/api/grpc/proto-google-common-protos/2.51.0/proto-google-common-protos-2.51.0.jar:/Users/ullaskunjukunju/.m2/repository/com/google/http-client/google-http-client/1.45.3/google-http-client-1.45.3.jar:/Users/ullaskunjukunju/.m2/repository/org/apache/httpcomponents/httpclient/4.5.14/httpclient-4.5.14.jar:/Users/ullaskunjukunju/.m2/repository/org/apache/httpcomponents/httpcore/4.4.16/httpcore-4.4.16.jar:/Users/ullaskunjukunju/.m2/repository/io/grpc/grpc-context/1.69.0/grpc-context-1.69.0.jar:/Users/ullaskunjukunju/.m2/repository/com/google/http-client/google-http-client-jackson2/1.45.3/google-http-client-jackson2-1.45.3.jar:/Users/ullaskunjukunju/.m2/repository/com/fasterxml/jackson/core/jackson-core/2.18.2/jackson-core-2.18.2.jar:/Users/ullaskunjukunju/.m2/repository/com/google/oauth-client/google-oauth-client/1.37.0/google-oauth-client-1.37.0.jar:/Users/ullaskunjukunju/.m2/repository/com/google/auth/google-auth-library-oauth2-http/1.31.0/google-auth-library-oauth2-http-1.31.0.jar:/Users/ullaskunjukunju/.m2/repository/io/opencensus/opencensus-api/0.31.1/opencensus-api-0.31.1.jar:/Users/ullaskunjukunju/.m2/repository/com/google/code/findbugs/jsr305/3.0.2/jsr305-3.0.2.jar:/Users/ullaskunjukunju/.m2/repository/io/opentelemetry/opentelemetry-api/1.46.0/opentelemetry-api-1.46.0.jar:/Users/ullaskunjukunju/.m2/repository/io/opentelemetry/opentelemetry-context/1.43.0/opentelemetry-context-1.43.0.jar:/Users/ullaskunjukunju/.m2/repository/org/projectlombok/lombok/1.18.36/lombok-1.18.36.jar:/Users/ullaskunjukunju/.m2/repository/org/springframework/boot/spring-boot-starter-test/3.4.2/spring-boot-starter-test-3.4.2.jar:/Users/ullaskunjukunju/.m2/repository/org/springframework/boot/spring-boot-test/3.4.2/spring-boot-test-3.4.2.jar:/Users/ullaskunjukunju/.m2/repository/org/springframework/boot/spring-boot-test-autoconfigure/3.4.2/spring-boot-test-autoconfigure-3.4.2.jar:/Users/ullaskunjukunju/.m2/repository/com/jayway/jsonpath/json-path/2.9.0/json-path-2.9.0.jar:/Users/ullaskunjukunju/.m2/repository/jakarta/xml/bind/jakarta.xml.bind-api/4.0.2/jakarta.xml.bind-api-4.0.2.jar:/Users/ullaskunjukunju/.m2/repository/jakarta/activation/jakarta.activation-api/2.1.3/jakarta.activation-api-2.1.3.jar:/Users/ullaskunjukunju/.m2/repository/net/minidev/json-smart/2.5.1/json-smart-2.5.1.jar:/Users/ullaskunjukunju/.m2/repository/net/minidev/accessors-smart/2.5.1/accessors-smart-2.5.1.jar:/Users/ullaskunjukunju/.m2/repository/org/ow2/asm/asm/9.6/asm-9.6.jar:/Users/ullaskunjukunju/.m2/repository/org/assertj/assertj-core/3.26.3/assertj-core-3.26.3.jar:/Users/ullaskunjukunju/.m2/repository/net/bytebuddy/byte-buddy/1.15.11/byte-buddy-1.15.11.jar:/Users/ullaskunjukunju/.m2/repository/org/awaitility/awaitility/4.2.2/awaitility-4.2.2.jar:/Users/ullaskunjukunju/.m2/repository/org/hamcrest/hamcrest/2.2/hamcrest-2.2.jar:/Users/ullaskunjukunju/.m2/repository/org/junit/jupiter/junit-jupiter/5.11.4/junit-jupiter-5.11.4.jar:/Users/ullaskunjukunju/.m2/repository/org/junit/jupiter/junit-jupiter-api/5.11.4/junit-jupiter-api-5.11.4.jar:/Users/ullaskunjukunju/.m2/repository/org/opentest4j/opentest4j/1.3.0/opentest4j-1.3.0.jar:/Users/ullaskunjukunju/.m2/repository/org/junit/platform/junit-platform-commons/1.11.4/junit-platform-commons-1.11.4.jar:/Users/ullaskunjukunju/.m2/repository/org/apiguardian/apiguardian-api/1.1.2/apiguardian-api-1.1.2.jar:/Users/ullaskunjukunju/.m2/repository/org/junit/jupiter/junit-jupiter-params/5.11.4/junit-jupiter-params-5.11.4.jar:/Users/ullaskunjukunju/.m2/repository/org/junit/jupiter/junit-jupiter-engine/5.11.4/junit-jupiter-engine-5.11.4.jar:/Users/ullaskunjukunju/.m2/repository/org/junit/platform/junit-platform-engine/1.11.4/junit-platform-engine-1.11.4.jar:/Users/ullaskunjukunju/.m2/repository/org/mockito/mockito-core/5.14.2/mockito-core-5.14.2.jar:/Users/ullaskunjukunju/.m2/repository/net/bytebuddy/byte-buddy-agent/1.15.11/byte-buddy-agent-1.15.11.jar:/Users/ullaskunjukunju/.m2/repository/org/objenesis/objenesis/3.3/objenesis-3.3.jar:/Users/ullaskunjukunju/.m2/repository/org/mockito/mockito-junit-jupiter/5.14.2/mockito-junit-jupiter-5.14.2.jar:/Users/ullaskunjukunju/.m2/repository/org/skyscreamer/jsonassert/1.5.3/jsonassert-1.5.3.jar:/Users/ullaskunjukunju/.m2/repository/com/vaadin/external/google/android-json/0.0.20131108.vaadin1/android-json-0.0.20131108.vaadin1.jar:/Users/ullaskunjukunju/.m2/repository/org/springframework/spring-core/6.2.2/spring-core-6.2.2.jar:/Users/ullaskunjukunju/.m2/repository/org/springframework/spring-jcl/6.2.2/spring-jcl-6.2.2.jar:/Users/ullaskunjukunju/.m2/repository/org/springframework/spring-test/6.2.2/spring-test-6.2.2.jar:/Users/ullaskunjukunju/.m2/repository/org/xmlunit/xmlunit-core/2.10.0/xmlunit-core-2.10.0.jar:"/>
    <property name="sun.cpu.endian" value="little"/>
    <property name="user.home" value="/Users/ullaskunjukunju"/>
    <property name="user.language" value="en"/>
    <property name="java.specification.vendor" value="Oracle Corporation"/>
    <property name="java.version.date" value="2022-07-19"/>
    <property name="java.home" value="/Library/Java/JavaVirtualMachines/jdk-17.0.4.jdk/Contents/Home"/>
    <property name="file.separator" value="/"/>
    <property name="basedir" value="/Users/ullaskunjukunju/Desktop/ACHU-POC/idcard-artist-be"/>
    <property name="java.vm.compressedOopsMode" value="Zero based"/>
    <property name="line.separator" value="&#10;"/>
    <property name="java.vm.specification.vendor" value="Oracle Corporation"/>
    <property name="java.specification.name" value="Java Platform API Specification"/>
    <property name="FILE_LOG_CHARSET" value="US-ASCII"/>
    <property name="java.awt.headless" value="true"/>
    <property name="surefire.real.class.path" value="/Users/ullaskunjukunju/Desktop/ACHU-POC/idcard-artist-be/target/surefire/surefirebooter-20250224132914736_3.jar"/>
    <property name="sun.management.compiler" value="HotSpot 64-Bit Tiered Compilers"/>
    <property name="ftp.nonProxyHosts" value="local|*.local|169.254/16|*.169.254/16"/>
    <property name="java.runtime.version" value="17.0.4+11-LTS-179"/>
    <property name="user.name" value="ullaskunjukunju"/>
    <property name="path.separator" value=":"/>
    <property name="os.version" value="15.1.1"/>
    <property name="java.runtime.name" value="Java(TM) SE Runtime Environment"/>
    <property name="file.encoding" value="US-ASCII"/>
    <property name="java.vm.name" value="Java HotSpot(TM) 64-Bit Server VM"/>
    <property name="localRepository" value="/Users/ullaskunjukunju/.m2/repository"/>
    <property name="java.vendor.url.bug" value="https://bugreport.java.com/bugreport/"/>
    <property name="java.io.tmpdir" value="/var/folders/n9/9pr10gv978x7x8700b6dmyy00000gn/T/"/>
    <property name="java.version" value="17.0.4"/>
    <property name="user.dir" value="/Users/ullaskunjukunju/Desktop/ACHU-POC/idcard-artist-be"/>
    <property name="os.arch" value="x86_64"/>
    <property name="java.vm.specification.name" value="Java Virtual Machine Specification"/>
    <property name="PID" value="32388"/>
    <property name="CONSOLE_LOG_CHARSET" value="US-ASCII"/>
    <property name="native.encoding" value="US-ASCII"/>
    <property name="java.library.path" value="/Users/ullaskunjukunju/Library/Java/Extensions:/Library/Java/Extensions:/Network/Library/Java/Extensions:/System/Library/Java/Extensions:/usr/lib/java:."/>
    <property name="java.vm.info" value="mixed mode, sharing"/>
    <property name="java.vendor" value="Oracle Corporation"/>
    <property name="java.vm.version" value="17.0.4+11-LTS-179"/>
    <property name="sun.io.unicode.encoding" value="UnicodeBig"/>
    <property name="socksNonProxyHosts" value="local|*.local|169.254/16|*.169.254/16"/>
    <property name="java.class.version" value="61.0"/>
    <property name="LOGGED_APPLICATION_NAME" value="[idcard-artists-apiservice] "/>
  </properties>
  <testcase name="contextLoads" classname="com.idcard.artists.apiservice.ApiserviceApplicationTests" time="0.937">
    <system-out><![CDATA[13:29:15.724 [main] INFO org.springframework.test.context.support.AnnotationConfigContextLoaderUtils -- Could not detect default configuration classes for test class [com.idcard.artists.apiservice.ApiserviceApplicationTests]: ApiserviceApplicationTests does not declare any static, non-private, non-final, nested classes annotated with @Configuration.
13:29:15.883 [main] INFO org.springframework.boot.test.context.SpringBootTestContextBootstrapper -- Found @SpringBootConfiguration com.idcard.artists.apiservice.ApiserviceApplication for test class com.idcard.artists.apiservice.ApiserviceApplicationTests

  .   ____          _            __ _ _
 /\\ / ___'_ __ _ _(_)_ __  __ _ \ \ \ \
( ( )\___ | '_ | '_| | '_ \/ _` | \ \ \ \
 \\/  ___)| |_)| | | | | || (_| |  ) ) ) )
  '  |____| .__|_| |_|_| |_\__, | / / / /
 =========|_|==============|___/=/_/_/_/

 :: Spring Boot ::                (v3.4.2)

2025-02-24T13:29:16.455+05:30  INFO 32388 --- [idcard-artists-apiservice] [           main] c.i.a.a.ApiserviceApplicationTests       : Starting ApiserviceApplicationTests using Java 17.0.4 with PID 32388 (started by ullaskunjukunju in /Users/ullaskunjukunju/Desktop/ACHU-POC/idcard-artist-be)
2025-02-24T13:29:16.457+05:30  INFO 32388 --- [idcard-artists-apiservice] [           main] c.i.a.a.ApiserviceApplicationTests       : No active profile set, falling back to 1 default profile: "default"
2025-02-24T13:29:17.266+05:30  INFO 32388 --- [idcard-artists-apiservice] [           main] o.s.cloud.context.scope.GenericScope     : BeanFactory id=393978a1-808f-3cc0-8201-f0ab8a190d70
2025-02-24T13:29:17.874+05:30  INFO 32388 --- [idcard-artists-apiservice] [           main] c.g.c.s.core.DefaultCredentialsProvider  : Default credentials provider for user 764086051850-6qr4p6gpi6hn506pt8ejuq83di341hur.apps.googleusercontent.com
2025-02-24T13:29:17.874+05:30  INFO 32388 --- [idcard-artists-apiservice] [           main] c.g.c.s.core.DefaultCredentialsProvider  : Scopes in use by default credentials: [https://www.googleapis.com/auth/pubsub, https://www.googleapis.com/auth/spanner.admin, https://www.googleapis.com/auth/spanner.data, https://www.googleapis.com/auth/datastore, https://www.googleapis.com/auth/sqlservice.admin, https://www.googleapis.com/auth/devstorage.read_only, https://www.googleapis.com/auth/devstorage.read_write, https://www.googleapis.com/auth/cloudruntimeconfig, https://www.googleapis.com/auth/trace.append, https://www.googleapis.com/auth/cloud-platform, https://www.googleapis.com/auth/cloud-vision, https://www.googleapis.com/auth/bigquery, https://www.googleapis.com/auth/monitoring.write]
2025-02-24T13:29:17.996+05:30  INFO 32388 --- [idcard-artists-apiservice] [           main] c.g.c.s.a.c.GcpContextAutoConfiguration  : The default project ID is idcard-artist
2025-02-24T13:29:19.939+05:30  INFO 32388 --- [idcard-artists-apiservice] [           main] c.i.a.a.ApiserviceApplicationTests       : Started ApiserviceApplicationTests in 3.843 seconds (process running for 5.031)
]]></system-out>
  </testcase>
</testsuite>